<?xml version="1.0" encoding="UTF-8"?>
<!-- Generated by org.testng.reporters.JUnitReportReporter -->
<testsuite skipped="0" hostname="DESKTOP-55VKEAQ" name="com.Testcases.Newcustomer_003" tests="1" failures="0" timestamp="30 Aug 2019 12:03:48 GMT" time="11.630" errors="0">
  <testcase name="newcustomer" time="11.630" classname="com.Testcases.Newcustomer_003"/>
</testsuite> <!-- com.Testcases.Newcustomer_003 -->
